[2024-11-06T10:08:42.418-0500][gc] Using G1
[2024-11-06T10:08:42.423-0500][gc,init] Version: 17.0.12+7-Ubuntu-1ubuntu222.04 (release)
[2024-11-06T10:08:42.423-0500][gc,init] CPUs: 12 total, 12 available
[2024-11-06T10:08:42.423-0500][gc,init] Memory: 7841M
[2024-11-06T10:08:42.423-0500][gc,init] Large Page Support: Disabled
[2024-11-06T10:08:42.423-0500][gc,init] NUMA Support: Disabled
[2024-11-06T10:08:42.423-0500][gc,init] Compressed Oops: Enabled (32-bit)
[2024-11-06T10:08:42.423-0500][gc,init] Heap Region Size: 1M
[2024-11-06T10:08:42.423-0500][gc,init] Heap Min Capacity: 1G
[2024-11-06T10:08:42.423-0500][gc,init] Heap Initial Capacity: 1G
[2024-11-06T10:08:42.423-0500][gc,init] Heap Max Capacity: 1G
[2024-11-06T10:08:42.423-0500][gc,init] Pre-touch: Disabled
[2024-11-06T10:08:42.423-0500][gc,init] Parallel Workers: 10
[2024-11-06T10:08:42.423-0500][gc,init] Concurrent Workers: 3
[2024-11-06T10:08:42.423-0500][gc,init] Concurrent Refinement Workers: 10
[2024-11-06T10:08:42.423-0500][gc,init] Periodic GC: Disabled
[2024-11-06T10:08:42.427-0500][gc,metaspace] CDS archive(s) mapped at: [0x00007f20f3000000-0x00007f20f3bc4000-0x00007f20f3bc4000), size 12337152, SharedBaseAddress: 0x00007f20f3000000, ArchiveRelocationMode: 1.
[2024-11-06T10:08:42.427-0500][gc,metaspace] Compressed class space mapped at: 0x00007f20f4000000-0x00007f2134000000, reserved size: 1073741824
[2024-11-06T10:08:42.427-0500][gc,metaspace] Narrow klass base: 0x00007f20f3000000, Narrow klass shift: 0, Narrow klass range: 0x100000000
[2024-11-06T10:08:43.110-0500][gc,start    ] GC(0) Pause Young (Normal) (G1 Evacuation Pause)
[2024-11-06T10:08:43.111-0500][gc,task     ] GC(0) Using 10 workers of 10 for evacuation
[2024-11-06T10:08:43.120-0500][gc,phases   ] GC(0)   Pre Evacuate Collection Set: 0.1ms
[2024-11-06T10:08:43.120-0500][gc,phases   ] GC(0)   Merge Heap Roots: 0.1ms
[2024-11-06T10:08:43.120-0500][gc,phases   ] GC(0)   Evacuate Collection Set: 8.5ms
[2024-11-06T10:08:43.120-0500][gc,phases   ] GC(0)   Post Evacuate Collection Set: 0.8ms
[2024-11-06T10:08:43.120-0500][gc,phases   ] GC(0)   Other: 1.0ms
[2024-11-06T10:08:43.120-0500][gc,heap     ] GC(0) Eden regions: 51->0(44)
[2024-11-06T10:08:43.120-0500][gc,heap     ] GC(0) Survivor regions: 0->7(7)
[2024-11-06T10:08:43.120-0500][gc,heap     ] GC(0) Old regions: 0->2
[2024-11-06T10:08:43.120-0500][gc,heap     ] GC(0) Archive regions: 2->2
[2024-11-06T10:08:43.120-0500][gc,heap     ] GC(0) Humongous regions: 0->0
[2024-11-06T10:08:43.120-0500][gc,metaspace] GC(0) Metaspace: 17954K(18176K)->17954K(18176K) NonClass: 15950K(16064K)->15950K(16064K) Class: 2004K(2112K)->2004K(2112K)
[2024-11-06T10:08:43.120-0500][gc          ] GC(0) Pause Young (Normal) (G1 Evacuation Pause) 51M->9M(1024M) 10.624ms
[2024-11-06T10:08:43.120-0500][gc,cpu      ] GC(0) User=0.00s Sys=0.08s Real=0.01s
[2024-11-06T10:08:43.280-0500][gc,start    ] GC(1) Pause Young (Concurrent Start) (Metadata GC Threshold)
[2024-11-06T10:08:43.280-0500][gc,task     ] GC(1) Using 10 workers of 10 for evacuation
[2024-11-06T10:08:43.286-0500][gc,phases   ] GC(1)   Pre Evacuate Collection Set: 0.1ms
[2024-11-06T10:08:43.286-0500][gc,phases   ] GC(1)   Merge Heap Roots: 0.1ms
[2024-11-06T10:08:43.286-0500][gc,phases   ] GC(1)   Evacuate Collection Set: 5.6ms
[2024-11-06T10:08:43.286-0500][gc,phases   ] GC(1)   Post Evacuate Collection Set: 0.5ms
[2024-11-06T10:08:43.286-0500][gc,phases   ] GC(1)   Other: 0.2ms
[2024-11-06T10:08:43.286-0500][gc,heap     ] GC(1) Eden regions: 16->0(49)
[2024-11-06T10:08:43.286-0500][gc,heap     ] GC(1) Survivor regions: 7->2(7)
[2024-11-06T10:08:43.286-0500][gc,heap     ] GC(1) Old regions: 2->10
[2024-11-06T10:08:43.286-0500][gc,heap     ] GC(1) Archive regions: 2->2
[2024-11-06T10:08:43.286-0500][gc,heap     ] GC(1) Humongous regions: 0->0
[2024-11-06T10:08:43.286-0500][gc,metaspace] GC(1) Metaspace: 21370K(21504K)->21370K(21504K) NonClass: 18954K(19008K)->18954K(19008K) Class: 2415K(2496K)->2415K(2496K)
[2024-11-06T10:08:43.286-0500][gc          ] GC(1) Pause Young (Concurrent Start) (Metadata GC Threshold) 25M->11M(1024M) 6.627ms
[2024-11-06T10:08:43.286-0500][gc,cpu      ] GC(1) User=0.04s Sys=0.01s Real=0.01s
[2024-11-06T10:08:43.286-0500][gc          ] GC(2) Concurrent Mark Cycle
[2024-11-06T10:08:43.286-0500][gc,marking  ] GC(2) Concurrent Clear Claimed Marks
[2024-11-06T10:08:43.287-0500][gc,marking  ] GC(2) Concurrent Clear Claimed Marks 0.027ms
[2024-11-06T10:08:43.287-0500][gc,marking  ] GC(2) Concurrent Scan Root Regions
[2024-11-06T10:08:43.288-0500][gc,marking  ] GC(2) Concurrent Scan Root Regions 1.171ms
[2024-11-06T10:08:43.288-0500][gc,marking  ] GC(2) Concurrent Mark
[2024-11-06T10:08:43.288-0500][gc,marking  ] GC(2) Concurrent Mark From Roots
[2024-11-06T10:08:43.288-0500][gc,task     ] GC(2) Using 3 workers of 3 for marking
[2024-11-06T10:08:43.289-0500][gc,marking  ] GC(2) Concurrent Mark From Roots 1.342ms
[2024-11-06T10:08:43.289-0500][gc,marking  ] GC(2) Concurrent Preclean
[2024-11-06T10:08:43.289-0500][gc,marking  ] GC(2) Concurrent Preclean 0.066ms
[2024-11-06T10:08:43.289-0500][gc,start    ] GC(2) Pause Remark
[2024-11-06T10:08:43.291-0500][gc          ] GC(2) Pause Remark 12M->12M(1024M) 1.258ms
[2024-11-06T10:08:43.291-0500][gc,cpu      ] GC(2) User=0.01s Sys=0.00s Real=0.00s
[2024-11-06T10:08:43.291-0500][gc,marking  ] GC(2) Concurrent Mark 2.910ms
[2024-11-06T10:08:43.291-0500][gc,marking  ] GC(2) Concurrent Rebuild Remembered Sets
[2024-11-06T10:08:43.292-0500][gc,marking  ] GC(2) Concurrent Rebuild Remembered Sets 1.193ms
[2024-11-06T10:08:43.292-0500][gc,start    ] GC(2) Pause Cleanup
[2024-11-06T10:08:43.292-0500][gc          ] GC(2) Pause Cleanup 12M->12M(1024M) 0.148ms
[2024-11-06T10:08:43.292-0500][gc,cpu      ] GC(2) User=0.00s Sys=0.00s Real=0.00s
[2024-11-06T10:08:43.292-0500][gc,marking  ] GC(2) Concurrent Cleanup for Next Mark
[2024-11-06T10:08:43.295-0500][gc,marking  ] GC(2) Concurrent Cleanup for Next Mark 2.987ms
[2024-11-06T10:08:43.295-0500][gc          ] GC(2) Concurrent Mark Cycle 8.921ms
[2024-11-06T10:08:43.728-0500][gc,start    ] GC(3) Pause Young (Normal) (G1 Evacuation Pause)
[2024-11-06T10:08:43.728-0500][gc,task     ] GC(3) Using 10 workers of 10 for evacuation
[2024-11-06T10:08:43.731-0500][gc,phases   ] GC(3)   Pre Evacuate Collection Set: 0.2ms
[2024-11-06T10:08:43.731-0500][gc,phases   ] GC(3)   Merge Heap Roots: 0.1ms
[2024-11-06T10:08:43.731-0500][gc,phases   ] GC(3)   Evacuate Collection Set: 1.7ms
[2024-11-06T10:08:43.731-0500][gc,phases   ] GC(3)   Post Evacuate Collection Set: 0.5ms
[2024-11-06T10:08:43.731-0500][gc,phases   ] GC(3)   Other: 0.1ms
[2024-11-06T10:08:43.731-0500][gc,heap     ] GC(3) Eden regions: 49->0(46)
[2024-11-06T10:08:43.731-0500][gc,heap     ] GC(3) Survivor regions: 2->5(7)
[2024-11-06T10:08:43.731-0500][gc,heap     ] GC(3) Old regions: 10->10
[2024-11-06T10:08:43.731-0500][gc,heap     ] GC(3) Archive regions: 2->2
[2024-11-06T10:08:43.731-0500][gc,heap     ] GC(3) Humongous regions: 9->9
[2024-11-06T10:08:43.731-0500][gc,metaspace] GC(3) Metaspace: 32393K(32768K)->32393K(32768K) NonClass: 28658K(28864K)->28658K(28864K) Class: 3735K(3904K)->3735K(3904K)
[2024-11-06T10:08:43.731-0500][gc          ] GC(3) Pause Young (Normal) (G1 Evacuation Pause) 69M->23M(1024M) 2.662ms
[2024-11-06T10:08:43.731-0500][gc,cpu      ] GC(3) User=0.03s Sys=0.01s Real=0.00s
[2024-11-06T10:08:43.880-0500][gc,start    ] GC(4) Pause Young (Concurrent Start) (Metadata GC Threshold)
[2024-11-06T10:08:43.880-0500][gc,task     ] GC(4) Using 10 workers of 10 for evacuation
[2024-11-06T10:08:43.883-0500][gc,phases   ] GC(4)   Pre Evacuate Collection Set: 0.1ms
[2024-11-06T10:08:43.883-0500][gc,phases   ] GC(4)   Merge Heap Roots: 0.1ms
[2024-11-06T10:08:43.883-0500][gc,phases   ] GC(4)   Evacuate Collection Set: 1.9ms
[2024-11-06T10:08:43.883-0500][gc,phases   ] GC(4)   Post Evacuate Collection Set: 0.6ms
[2024-11-06T10:08:43.883-0500][gc,phases   ] GC(4)   Other: 0.1ms
[2024-11-06T10:08:43.883-0500][gc,heap     ] GC(4) Eden regions: 18->0(45)
[2024-11-06T10:08:43.883-0500][gc,heap     ] GC(4) Survivor regions: 5->6(7)
[2024-11-06T10:08:43.883-0500][gc,heap     ] GC(4) Old regions: 10->11
[2024-11-06T10:08:43.883-0500][gc,heap     ] GC(4) Archive regions: 2->2
[2024-11-06T10:08:43.883-0500][gc,heap     ] GC(4) Humongous regions: 9->9
[2024-11-06T10:08:43.883-0500][gc,metaspace] GC(4) Metaspace: 35656K(35968K)->35656K(35968K) NonClass: 31661K(31808K)->31661K(31808K) Class: 3995K(4160K)->3995K(4160K)
[2024-11-06T10:08:43.883-0500][gc          ] GC(4) Pause Young (Concurrent Start) (Metadata GC Threshold) 41M->25M(1024M) 3.028ms
[2024-11-06T10:08:43.883-0500][gc,cpu      ] GC(4) User=0.02s Sys=0.02s Real=0.01s
[2024-11-06T10:08:43.883-0500][gc          ] GC(5) Concurrent Mark Cycle
[2024-11-06T10:08:43.883-0500][gc,marking  ] GC(5) Concurrent Clear Claimed Marks
[2024-11-06T10:08:43.883-0500][gc,marking  ] GC(5) Concurrent Clear Claimed Marks 0.028ms
[2024-11-06T10:08:43.883-0500][gc,marking  ] GC(5) Concurrent Scan Root Regions
[2024-11-06T10:08:43.885-0500][gc,marking  ] GC(5) Concurrent Scan Root Regions 1.356ms
[2024-11-06T10:08:43.885-0500][gc,marking  ] GC(5) Concurrent Mark
[2024-11-06T10:08:43.885-0500][gc,marking  ] GC(5) Concurrent Mark From Roots
[2024-11-06T10:08:43.885-0500][gc,task     ] GC(5) Using 3 workers of 3 for marking
[2024-11-06T10:08:43.889-0500][gc,marking  ] GC(5) Concurrent Mark From Roots 3.983ms
[2024-11-06T10:08:43.889-0500][gc,marking  ] GC(5) Concurrent Preclean
[2024-11-06T10:08:43.889-0500][gc,marking  ] GC(5) Concurrent Preclean 0.212ms
[2024-11-06T10:08:43.926-0500][gc,start    ] GC(5) Pause Remark
[2024-11-06T10:08:43.928-0500][gc          ] GC(5) Pause Remark 155M->155M(1024M) 1.316ms
[2024-11-06T10:08:43.928-0500][gc,cpu      ] GC(5) User=0.00s Sys=0.00s Real=0.00s
[2024-11-06T10:08:43.928-0500][gc,marking  ] GC(5) Concurrent Mark 42.924ms
[2024-11-06T10:08:43.928-0500][gc,marking  ] GC(5) Concurrent Rebuild Remembered Sets
[2024-11-06T10:08:43.929-0500][gc,marking  ] GC(5) Concurrent Rebuild Remembered Sets 1.548ms
[2024-11-06T10:08:43.929-0500][gc,start    ] GC(5) Pause Cleanup
[2024-11-06T10:08:43.930-0500][gc          ] GC(5) Pause Cleanup 156M->156M(1024M) 0.164ms
[2024-11-06T10:08:43.930-0500][gc,cpu      ] GC(5) User=0.00s Sys=0.00s Real=0.00s
[2024-11-06T10:08:43.930-0500][gc,marking  ] GC(5) Concurrent Cleanup for Next Mark
[2024-11-06T10:08:43.934-0500][gc,marking  ] GC(5) Concurrent Cleanup for Next Mark 4.132ms
[2024-11-06T10:08:43.934-0500][gc          ] GC(5) Concurrent Mark Cycle 50.579ms
[2024-11-06T10:09:47.477-0500][gc,start    ] GC(6) Pause Young (Normal) (G1 Evacuation Pause)
[2024-11-06T10:09:47.477-0500][gc,task     ] GC(6) Using 10 workers of 10 for evacuation
[2024-11-06T10:09:47.483-0500][gc,phases   ] GC(6)   Pre Evacuate Collection Set: 0.3ms
[2024-11-06T10:09:47.483-0500][gc,phases   ] GC(6)   Merge Heap Roots: 0.1ms
[2024-11-06T10:09:47.483-0500][gc,phases   ] GC(6)   Evacuate Collection Set: 5.4ms
[2024-11-06T10:09:47.483-0500][gc,phases   ] GC(6)   Post Evacuate Collection Set: 0.6ms
[2024-11-06T10:09:47.483-0500][gc,phases   ] GC(6)   Other: 0.1ms
[2024-11-06T10:09:47.483-0500][gc,heap     ] GC(6) Eden regions: 45->0(45)
[2024-11-06T10:09:47.483-0500][gc,heap     ] GC(6) Survivor regions: 6->6(7)
[2024-11-06T10:09:47.483-0500][gc,heap     ] GC(6) Old regions: 11->14
[2024-11-06T10:09:47.483-0500][gc,heap     ] GC(6) Archive regions: 2->2
[2024-11-06T10:09:47.483-0500][gc,heap     ] GC(6) Humongous regions: 138->138
[2024-11-06T10:09:47.483-0500][gc,metaspace] GC(6) Metaspace: 40582K(41088K)->40582K(41088K) NonClass: 35817K(36096K)->35817K(36096K) Class: 4764K(4992K)->4764K(4992K)
[2024-11-06T10:09:47.483-0500][gc          ] GC(6) Pause Young (Normal) (G1 Evacuation Pause) 199M->158M(1024M) 6.545ms
[2024-11-06T10:09:47.483-0500][gc,cpu      ] GC(6) User=0.04s Sys=0.01s Real=0.01s
