[2024-11-06 10:08:44,205] INFO [Broker id=1] Transitioning 1 partition(s) to local leaders. (state.change.logger)
[2024-11-06 10:08:44,207] INFO [Broker id=1] Creating new partition testing_data-0 with topic id IYUJvdxbTaK-hbHAAIUwsw. (state.change.logger)
[2024-11-06 10:08:44,224] INFO [Broker id=1] Leader testing_data-0 with topic id Some(IYUJvdxbTaK-hbHAAIUwsw) starts at leader epoch 0 from offset 0 with partition epoch 0, high watermark 0, ISR [1], adding replicas [] and removing replicas [] . Previous leader None and previous leader epoch was -1. (state.change.logger)
[2024-11-06 10:08:44,245] INFO [Broker id=1] Transitioning 50 partition(s) to local leaders. (state.change.logger)
[2024-11-06 10:08:44,246] INFO [Broker id=1] Creating new partition __consumer_offsets-13 with topic id chSbMDnsSsiq32G2rpJ4WQ. (state.change.logger)
[2024-11-06 10:08:44,250] INFO [Broker id=1] Leader __consumer_offsets-13 with topic id Some(chSbMDnsSsiq32G2rpJ4WQ) starts at leader epoch 0 from offset 0 with partition epoch 0, high watermark 0, ISR [1], adding replicas [] and removing replicas [] . Previous leader None and previous leader epoch was -1. (state.change.logger)
[2024-11-06 10:08:44,256] INFO [Broker id=1] Creating new partition __consumer_offsets-46 with topic id chSbMDnsSsiq32G2rpJ4WQ. (state.change.logger)
[2024-11-06 10:08:44,259] INFO [Broker id=1] Leader __consumer_offsets-46 with topic id Some(chSbMDnsSsiq32G2rpJ4WQ) starts at leader epoch 0 from offset 0 with partition epoch 0, high watermark 0, ISR [1], adding replicas [] and removing replicas [] . Previous leader None and previous leader epoch was -1. (state.change.logger)
[2024-11-06 10:08:44,263] INFO [Broker id=1] Creating new partition __consumer_offsets-9 with topic id chSbMDnsSsiq32G2rpJ4WQ. (state.change.logger)
[2024-11-06 10:08:44,265] INFO [Broker id=1] Leader __consumer_offsets-9 with topic id Some(chSbMDnsSsiq32G2rpJ4WQ) starts at leader epoch 0 from offset 0 with partition epoch 0, high watermark 0, ISR [1], adding replicas [] and removing replicas [] . Previous leader None and previous leader epoch was -1. (state.change.logger)
[2024-11-06 10:08:44,269] INFO [Broker id=1] Creating new partition __consumer_offsets-42 with topic id chSbMDnsSsiq32G2rpJ4WQ. (state.change.logger)
[2024-11-06 10:08:44,274] INFO [Broker id=1] Leader __consumer_offsets-42 with topic id Some(chSbMDnsSsiq32G2rpJ4WQ) starts at leader epoch 0 from offset 0 with partition epoch 0, high watermark 0, ISR [1], adding replicas [] and removing replicas [] . Previous leader None and previous leader epoch was -1. (state.change.logger)
[2024-11-06 10:08:44,278] INFO [Broker id=1] Creating new partition __consumer_offsets-21 with topic id chSbMDnsSsiq32G2rpJ4WQ. (state.change.logger)
[2024-11-06 10:08:44,281] INFO [Broker id=1] Leader __consumer_offsets-21 with topic id Some(chSbMDnsSsiq32G2rpJ4WQ) starts at leader epoch 0 from offset 0 with partition epoch 0, high watermark 0, ISR [1], adding replicas [] and removing replicas [] . Previous leader None and previous leader epoch was -1. (state.change.logger)
[2024-11-06 10:08:44,286] INFO [Broker id=1] Creating new partition __consumer_offsets-17 with topic id chSbMDnsSsiq32G2rpJ4WQ. (state.change.logger)
[2024-11-06 10:08:44,292] INFO [Broker id=1] Leader __consumer_offsets-17 with topic id Some(chSbMDnsSsiq32G2rpJ4WQ) starts at leader epoch 0 from offset 0 with partition epoch 0, high watermark 0, ISR [1], adding replicas [] and removing replicas [] . Previous leader None and previous leader epoch was -1. (state.change.logger)
[2024-11-06 10:08:44,300] INFO [Broker id=1] Creating new partition __consumer_offsets-30 with topic id chSbMDnsSsiq32G2rpJ4WQ. (state.change.logger)
[2024-11-06 10:08:44,303] INFO [Broker id=1] Leader __consumer_offsets-30 with topic id Some(chSbMDnsSsiq32G2rpJ4WQ) starts at leader epoch 0 from offset 0 with partition epoch 0, high watermark 0, ISR [1], adding replicas [] and removing replicas [] . Previous leader None and previous leader epoch was -1. (state.change.logger)
[2024-11-06 10:08:44,310] INFO [Broker id=1] Creating new partition __consumer_offsets-26 with topic id chSbMDnsSsiq32G2rpJ4WQ. (state.change.logger)
[2024-11-06 10:08:44,313] INFO [Broker id=1] Leader __consumer_offsets-26 with topic id Some(chSbMDnsSsiq32G2rpJ4WQ) starts at leader epoch 0 from offset 0 with partition epoch 0, high watermark 0, ISR [1], adding replicas [] and removing replicas [] . Previous leader None and previous leader epoch was -1. (state.change.logger)
[2024-11-06 10:08:44,317] INFO [Broker id=1] Creating new partition __consumer_offsets-5 with topic id chSbMDnsSsiq32G2rpJ4WQ. (state.change.logger)
[2024-11-06 10:08:44,320] INFO [Broker id=1] Leader __consumer_offsets-5 with topic id Some(chSbMDnsSsiq32G2rpJ4WQ) starts at leader epoch 0 from offset 0 with partition epoch 0, high watermark 0, ISR [1], adding replicas [] and removing replicas [] . Previous leader None and previous leader epoch was -1. (state.change.logger)
[2024-11-06 10:08:44,324] INFO [Broker id=1] Creating new partition __consumer_offsets-38 with topic id chSbMDnsSsiq32G2rpJ4WQ. (state.change.logger)
[2024-11-06 10:08:44,327] INFO [Broker id=1] Leader __consumer_offsets-38 with topic id Some(chSbMDnsSsiq32G2rpJ4WQ) starts at leader epoch 0 from offset 0 with partition epoch 0, high watermark 0, ISR [1], adding replicas [] and removing replicas [] . Previous leader None and previous leader epoch was -1. (state.change.logger)
[2024-11-06 10:08:44,330] INFO [Broker id=1] Creating new partition __consumer_offsets-1 with topic id chSbMDnsSsiq32G2rpJ4WQ. (state.change.logger)
[2024-11-06 10:08:44,333] INFO [Broker id=1] Leader __consumer_offsets-1 with topic id Some(chSbMDnsSsiq32G2rpJ4WQ) starts at leader epoch 0 from offset 0 with partition epoch 0, high watermark 0, ISR [1], adding replicas [] and removing replicas [] . Previous leader None and previous leader epoch was -1. (state.change.logger)
[2024-11-06 10:08:44,337] INFO [Broker id=1] Creating new partition __consumer_offsets-34 with topic id chSbMDnsSsiq32G2rpJ4WQ. (state.change.logger)
[2024-11-06 10:08:44,342] INFO [Broker id=1] Leader __consumer_offsets-34 with topic id Some(chSbMDnsSsiq32G2rpJ4WQ) starts at leader epoch 0 from offset 0 with partition epoch 0, high watermark 0, ISR [1], adding replicas [] and removing replicas [] . Previous leader None and previous leader epoch was -1. (state.change.logger)
[2024-11-06 10:08:44,345] INFO [Broker id=1] Creating new partition __consumer_offsets-16 with topic id chSbMDnsSsiq32G2rpJ4WQ. (state.change.logger)
[2024-11-06 10:08:44,348] INFO [Broker id=1] Leader __consumer_offsets-16 with topic id Some(chSbMDnsSsiq32G2rpJ4WQ) starts at leader epoch 0 from offset 0 with partition epoch 0, high watermark 0, ISR [1], adding replicas [] and removing replicas [] . Previous leader None and previous leader epoch was -1. (state.change.logger)
[2024-11-06 10:08:44,351] INFO [Broker id=1] Creating new partition __consumer_offsets-45 with topic id chSbMDnsSsiq32G2rpJ4WQ. (state.change.logger)
[2024-11-06 10:08:44,355] INFO [Broker id=1] Leader __consumer_offsets-45 with topic id Some(chSbMDnsSsiq32G2rpJ4WQ) starts at leader epoch 0 from offset 0 with partition epoch 0, high watermark 0, ISR [1], adding replicas [] and removing replicas [] . Previous leader None and previous leader epoch was -1. (state.change.logger)
[2024-11-06 10:08:44,359] INFO [Broker id=1] Creating new partition __consumer_offsets-12 with topic id chSbMDnsSsiq32G2rpJ4WQ. (state.change.logger)
[2024-11-06 10:08:44,363] INFO [Broker id=1] Leader __consumer_offsets-12 with topic id Some(chSbMDnsSsiq32G2rpJ4WQ) starts at leader epoch 0 from offset 0 with partition epoch 0, high watermark 0, ISR [1], adding replicas [] and removing replicas [] . Previous leader None and previous leader epoch was -1. (state.change.logger)
[2024-11-06 10:08:44,367] INFO [Broker id=1] Creating new partition __consumer_offsets-41 with topic id chSbMDnsSsiq32G2rpJ4WQ. (state.change.logger)
[2024-11-06 10:08:44,372] INFO [Broker id=1] Leader __consumer_offsets-41 with topic id Some(chSbMDnsSsiq32G2rpJ4WQ) starts at leader epoch 0 from offset 0 with partition epoch 0, high watermark 0, ISR [1], adding replicas [] and removing replicas [] . Previous leader None and previous leader epoch was -1. (state.change.logger)
[2024-11-06 10:08:44,374] INFO [Broker id=1] Creating new partition __consumer_offsets-24 with topic id chSbMDnsSsiq32G2rpJ4WQ. (state.change.logger)
[2024-11-06 10:08:44,378] INFO [Broker id=1] Leader __consumer_offsets-24 with topic id Some(chSbMDnsSsiq32G2rpJ4WQ) starts at leader epoch 0 from offset 0 with partition epoch 0, high watermark 0, ISR [1], adding replicas [] and removing replicas [] . Previous leader None and previous leader epoch was -1. (state.change.logger)
[2024-11-06 10:08:44,381] INFO [Broker id=1] Creating new partition __consumer_offsets-20 with topic id chSbMDnsSsiq32G2rpJ4WQ. (state.change.logger)
[2024-11-06 10:08:44,385] INFO [Broker id=1] Leader __consumer_offsets-20 with topic id Some(chSbMDnsSsiq32G2rpJ4WQ) starts at leader epoch 0 from offset 0 with partition epoch 0, high watermark 0, ISR [1], adding replicas [] and removing replicas [] . Previous leader None and previous leader epoch was -1. (state.change.logger)
[2024-11-06 10:08:44,388] INFO [Broker id=1] Creating new partition __consumer_offsets-49 with topic id chSbMDnsSsiq32G2rpJ4WQ. (state.change.logger)
[2024-11-06 10:08:44,391] INFO [Broker id=1] Leader __consumer_offsets-49 with topic id Some(chSbMDnsSsiq32G2rpJ4WQ) starts at leader epoch 0 from offset 0 with partition epoch 0, high watermark 0, ISR [1], adding replicas [] and removing replicas [] . Previous leader None and previous leader epoch was -1. (state.change.logger)
[2024-11-06 10:08:44,394] INFO [Broker id=1] Creating new partition __consumer_offsets-0 with topic id chSbMDnsSsiq32G2rpJ4WQ. (state.change.logger)
[2024-11-06 10:08:44,397] INFO [Broker id=1] Leader __consumer_offsets-0 with topic id Some(chSbMDnsSsiq32G2rpJ4WQ) starts at leader epoch 0 from offset 0 with partition epoch 0, high watermark 0, ISR [1], adding replicas [] and removing replicas [] . Previous leader None and previous leader epoch was -1. (state.change.logger)
[2024-11-06 10:08:44,402] INFO [Broker id=1] Creating new partition __consumer_offsets-29 with topic id chSbMDnsSsiq32G2rpJ4WQ. (state.change.logger)
[2024-11-06 10:08:44,405] INFO [Broker id=1] Leader __consumer_offsets-29 with topic id Some(chSbMDnsSsiq32G2rpJ4WQ) starts at leader epoch 0 from offset 0 with partition epoch 0, high watermark 0, ISR [1], adding replicas [] and removing replicas [] . Previous leader None and previous leader epoch was -1. (state.change.logger)
[2024-11-06 10:08:44,409] INFO [Broker id=1] Creating new partition __consumer_offsets-25 with topic id chSbMDnsSsiq32G2rpJ4WQ. (state.change.logger)
[2024-11-06 10:08:44,412] INFO [Broker id=1] Leader __consumer_offsets-25 with topic id Some(chSbMDnsSsiq32G2rpJ4WQ) starts at leader epoch 0 from offset 0 with partition epoch 0, high watermark 0, ISR [1], adding replicas [] and removing replicas [] . Previous leader None and previous leader epoch was -1. (state.change.logger)
[2024-11-06 10:08:44,415] INFO [Broker id=1] Creating new partition __consumer_offsets-8 with topic id chSbMDnsSsiq32G2rpJ4WQ. (state.change.logger)
[2024-11-06 10:08:44,418] INFO [Broker id=1] Leader __consumer_offsets-8 with topic id Some(chSbMDnsSsiq32G2rpJ4WQ) starts at leader epoch 0 from offset 0 with partition epoch 0, high watermark 0, ISR [1], adding replicas [] and removing replicas [] . Previous leader None and previous leader epoch was -1. (state.change.logger)
[2024-11-06 10:08:44,422] INFO [Broker id=1] Creating new partition __consumer_offsets-37 with topic id chSbMDnsSsiq32G2rpJ4WQ. (state.change.logger)
[2024-11-06 10:08:44,425] INFO [Broker id=1] Leader __consumer_offsets-37 with topic id Some(chSbMDnsSsiq32G2rpJ4WQ) starts at leader epoch 0 from offset 0 with partition epoch 0, high watermark 0, ISR [1], adding replicas [] and removing replicas [] . Previous leader None and previous leader epoch was -1. (state.change.logger)
[2024-11-06 10:08:44,428] INFO [Broker id=1] Creating new partition __consumer_offsets-4 with topic id chSbMDnsSsiq32G2rpJ4WQ. (state.change.logger)
[2024-11-06 10:08:44,431] INFO [Broker id=1] Leader __consumer_offsets-4 with topic id Some(chSbMDnsSsiq32G2rpJ4WQ) starts at leader epoch 0 from offset 0 with partition epoch 0, high watermark 0, ISR [1], adding replicas [] and removing replicas [] . Previous leader None and previous leader epoch was -1. (state.change.logger)
[2024-11-06 10:08:44,434] INFO [Broker id=1] Creating new partition __consumer_offsets-33 with topic id chSbMDnsSsiq32G2rpJ4WQ. (state.change.logger)
[2024-11-06 10:08:44,438] INFO [Broker id=1] Leader __consumer_offsets-33 with topic id Some(chSbMDnsSsiq32G2rpJ4WQ) starts at leader epoch 0 from offset 0 with partition epoch 0, high watermark 0, ISR [1], adding replicas [] and removing replicas [] . Previous leader None and previous leader epoch was -1. (state.change.logger)
[2024-11-06 10:08:44,441] INFO [Broker id=1] Creating new partition __consumer_offsets-15 with topic id chSbMDnsSsiq32G2rpJ4WQ. (state.change.logger)
[2024-11-06 10:08:44,444] INFO [Broker id=1] Leader __consumer_offsets-15 with topic id Some(chSbMDnsSsiq32G2rpJ4WQ) starts at leader epoch 0 from offset 0 with partition epoch 0, high watermark 0, ISR [1], adding replicas [] and removing replicas [] . Previous leader None and previous leader epoch was -1. (state.change.logger)
[2024-11-06 10:08:44,447] INFO [Broker id=1] Creating new partition __consumer_offsets-48 with topic id chSbMDnsSsiq32G2rpJ4WQ. (state.change.logger)
[2024-11-06 10:08:44,451] INFO [Broker id=1] Leader __consumer_offsets-48 with topic id Some(chSbMDnsSsiq32G2rpJ4WQ) starts at leader epoch 0 from offset 0 with partition epoch 0, high watermark 0, ISR [1], adding replicas [] and removing replicas [] . Previous leader None and previous leader epoch was -1. (state.change.logger)
[2024-11-06 10:08:44,453] INFO [Broker id=1] Creating new partition __consumer_offsets-11 with topic id chSbMDnsSsiq32G2rpJ4WQ. (state.change.logger)
[2024-11-06 10:08:44,456] INFO [Broker id=1] Leader __consumer_offsets-11 with topic id Some(chSbMDnsSsiq32G2rpJ4WQ) starts at leader epoch 0 from offset 0 with partition epoch 0, high watermark 0, ISR [1], adding replicas [] and removing replicas [] . Previous leader None and previous leader epoch was -1. (state.change.logger)
[2024-11-06 10:08:44,460] INFO [Broker id=1] Creating new partition __consumer_offsets-44 with topic id chSbMDnsSsiq32G2rpJ4WQ. (state.change.logger)
[2024-11-06 10:08:44,463] INFO [Broker id=1] Leader __consumer_offsets-44 with topic id Some(chSbMDnsSsiq32G2rpJ4WQ) starts at leader epoch 0 from offset 0 with partition epoch 0, high watermark 0, ISR [1], adding replicas [] and removing replicas [] . Previous leader None and previous leader epoch was -1. (state.change.logger)
[2024-11-06 10:08:44,465] INFO [Broker id=1] Creating new partition __consumer_offsets-23 with topic id chSbMDnsSsiq32G2rpJ4WQ. (state.change.logger)
[2024-11-06 10:08:44,468] INFO [Broker id=1] Leader __consumer_offsets-23 with topic id Some(chSbMDnsSsiq32G2rpJ4WQ) starts at leader epoch 0 from offset 0 with partition epoch 0, high watermark 0, ISR [1], adding replicas [] and removing replicas [] . Previous leader None and previous leader epoch was -1. (state.change.logger)
[2024-11-06 10:08:44,472] INFO [Broker id=1] Creating new partition __consumer_offsets-19 with topic id chSbMDnsSsiq32G2rpJ4WQ. (state.change.logger)
[2024-11-06 10:08:44,475] INFO [Broker id=1] Leader __consumer_offsets-19 with topic id Some(chSbMDnsSsiq32G2rpJ4WQ) starts at leader epoch 0 from offset 0 with partition epoch 0, high watermark 0, ISR [1], adding replicas [] and removing replicas [] . Previous leader None and previous leader epoch was -1. (state.change.logger)
[2024-11-06 10:08:44,478] INFO [Broker id=1] Creating new partition __consumer_offsets-32 with topic id chSbMDnsSsiq32G2rpJ4WQ. (state.change.logger)
[2024-11-06 10:08:44,481] INFO [Broker id=1] Leader __consumer_offsets-32 with topic id Some(chSbMDnsSsiq32G2rpJ4WQ) starts at leader epoch 0 from offset 0 with partition epoch 0, high watermark 0, ISR [1], adding replicas [] and removing replicas [] . Previous leader None and previous leader epoch was -1. (state.change.logger)
[2024-11-06 10:08:44,484] INFO [Broker id=1] Creating new partition __consumer_offsets-28 with topic id chSbMDnsSsiq32G2rpJ4WQ. (state.change.logger)
[2024-11-06 10:08:44,487] INFO [Broker id=1] Leader __consumer_offsets-28 with topic id Some(chSbMDnsSsiq32G2rpJ4WQ) starts at leader epoch 0 from offset 0 with partition epoch 0, high watermark 0, ISR [1], adding replicas [] and removing replicas [] . Previous leader None and previous leader epoch was -1. (state.change.logger)
[2024-11-06 10:08:44,491] INFO [Broker id=1] Creating new partition __consumer_offsets-7 with topic id chSbMDnsSsiq32G2rpJ4WQ. (state.change.logger)
[2024-11-06 10:08:44,494] INFO [Broker id=1] Leader __consumer_offsets-7 with topic id Some(chSbMDnsSsiq32G2rpJ4WQ) starts at leader epoch 0 from offset 0 with partition epoch 0, high watermark 0, ISR [1], adding replicas [] and removing replicas [] . Previous leader None and previous leader epoch was -1. (state.change.logger)
[2024-11-06 10:08:44,497] INFO [Broker id=1] Creating new partition __consumer_offsets-40 with topic id chSbMDnsSsiq32G2rpJ4WQ. (state.change.logger)
[2024-11-06 10:08:44,500] INFO [Broker id=1] Leader __consumer_offsets-40 with topic id Some(chSbMDnsSsiq32G2rpJ4WQ) starts at leader epoch 0 from offset 0 with partition epoch 0, high watermark 0, ISR [1], adding replicas [] and removing replicas [] . Previous leader None and previous leader epoch was -1. (state.change.logger)
[2024-11-06 10:08:44,503] INFO [Broker id=1] Creating new partition __consumer_offsets-3 with topic id chSbMDnsSsiq32G2rpJ4WQ. (state.change.logger)
[2024-11-06 10:08:44,506] INFO [Broker id=1] Leader __consumer_offsets-3 with topic id Some(chSbMDnsSsiq32G2rpJ4WQ) starts at leader epoch 0 from offset 0 with partition epoch 0, high watermark 0, ISR [1], adding replicas [] and removing replicas [] . Previous leader None and previous leader epoch was -1. (state.change.logger)
[2024-11-06 10:08:44,510] INFO [Broker id=1] Creating new partition __consumer_offsets-36 with topic id chSbMDnsSsiq32G2rpJ4WQ. (state.change.logger)
[2024-11-06 10:08:44,512] INFO [Broker id=1] Leader __consumer_offsets-36 with topic id Some(chSbMDnsSsiq32G2rpJ4WQ) starts at leader epoch 0 from offset 0 with partition epoch 0, high watermark 0, ISR [1], adding replicas [] and removing replicas [] . Previous leader None and previous leader epoch was -1. (state.change.logger)
[2024-11-06 10:08:44,515] INFO [Broker id=1] Creating new partition __consumer_offsets-47 with topic id chSbMDnsSsiq32G2rpJ4WQ. (state.change.logger)
[2024-11-06 10:08:44,518] INFO [Broker id=1] Leader __consumer_offsets-47 with topic id Some(chSbMDnsSsiq32G2rpJ4WQ) starts at leader epoch 0 from offset 0 with partition epoch 0, high watermark 0, ISR [1], adding replicas [] and removing replicas [] . Previous leader None and previous leader epoch was -1. (state.change.logger)
[2024-11-06 10:08:44,522] INFO [Broker id=1] Creating new partition __consumer_offsets-14 with topic id chSbMDnsSsiq32G2rpJ4WQ. (state.change.logger)
[2024-11-06 10:08:44,525] INFO [Broker id=1] Leader __consumer_offsets-14 with topic id Some(chSbMDnsSsiq32G2rpJ4WQ) starts at leader epoch 0 from offset 0 with partition epoch 0, high watermark 0, ISR [1], adding replicas [] and removing replicas [] . Previous leader None and previous leader epoch was -1. (state.change.logger)
[2024-11-06 10:08:44,528] INFO [Broker id=1] Creating new partition __consumer_offsets-43 with topic id chSbMDnsSsiq32G2rpJ4WQ. (state.change.logger)
[2024-11-06 10:08:44,531] INFO [Broker id=1] Leader __consumer_offsets-43 with topic id Some(chSbMDnsSsiq32G2rpJ4WQ) starts at leader epoch 0 from offset 0 with partition epoch 0, high watermark 0, ISR [1], adding replicas [] and removing replicas [] . Previous leader None and previous leader epoch was -1. (state.change.logger)
[2024-11-06 10:08:44,534] INFO [Broker id=1] Creating new partition __consumer_offsets-10 with topic id chSbMDnsSsiq32G2rpJ4WQ. (state.change.logger)
[2024-11-06 10:08:44,537] INFO [Broker id=1] Leader __consumer_offsets-10 with topic id Some(chSbMDnsSsiq32G2rpJ4WQ) starts at leader epoch 0 from offset 0 with partition epoch 0, high watermark 0, ISR [1], adding replicas [] and removing replicas [] . Previous leader None and previous leader epoch was -1. (state.change.logger)
[2024-11-06 10:08:44,541] INFO [Broker id=1] Creating new partition __consumer_offsets-22 with topic id chSbMDnsSsiq32G2rpJ4WQ. (state.change.logger)
[2024-11-06 10:08:44,544] INFO [Broker id=1] Leader __consumer_offsets-22 with topic id Some(chSbMDnsSsiq32G2rpJ4WQ) starts at leader epoch 0 from offset 0 with partition epoch 0, high watermark 0, ISR [1], adding replicas [] and removing replicas [] . Previous leader None and previous leader epoch was -1. (state.change.logger)
[2024-11-06 10:08:44,547] INFO [Broker id=1] Creating new partition __consumer_offsets-18 with topic id chSbMDnsSsiq32G2rpJ4WQ. (state.change.logger)
[2024-11-06 10:08:44,550] INFO [Broker id=1] Leader __consumer_offsets-18 with topic id Some(chSbMDnsSsiq32G2rpJ4WQ) starts at leader epoch 0 from offset 0 with partition epoch 0, high watermark 0, ISR [1], adding replicas [] and removing replicas [] . Previous leader None and previous leader epoch was -1. (state.change.logger)
[2024-11-06 10:08:44,553] INFO [Broker id=1] Creating new partition __consumer_offsets-31 with topic id chSbMDnsSsiq32G2rpJ4WQ. (state.change.logger)
[2024-11-06 10:08:44,556] INFO [Broker id=1] Leader __consumer_offsets-31 with topic id Some(chSbMDnsSsiq32G2rpJ4WQ) starts at leader epoch 0 from offset 0 with partition epoch 0, high watermark 0, ISR [1], adding replicas [] and removing replicas [] . Previous leader None and previous leader epoch was -1. (state.change.logger)
[2024-11-06 10:08:44,559] INFO [Broker id=1] Creating new partition __consumer_offsets-27 with topic id chSbMDnsSsiq32G2rpJ4WQ. (state.change.logger)
[2024-11-06 10:08:44,562] INFO [Broker id=1] Leader __consumer_offsets-27 with topic id Some(chSbMDnsSsiq32G2rpJ4WQ) starts at leader epoch 0 from offset 0 with partition epoch 0, high watermark 0, ISR [1], adding replicas [] and removing replicas [] . Previous leader None and previous leader epoch was -1. (state.change.logger)
[2024-11-06 10:08:44,565] INFO [Broker id=1] Creating new partition __consumer_offsets-39 with topic id chSbMDnsSsiq32G2rpJ4WQ. (state.change.logger)
[2024-11-06 10:08:44,568] INFO [Broker id=1] Leader __consumer_offsets-39 with topic id Some(chSbMDnsSsiq32G2rpJ4WQ) starts at leader epoch 0 from offset 0 with partition epoch 0, high watermark 0, ISR [1], adding replicas [] and removing replicas [] . Previous leader None and previous leader epoch was -1. (state.change.logger)
[2024-11-06 10:08:44,572] INFO [Broker id=1] Creating new partition __consumer_offsets-6 with topic id chSbMDnsSsiq32G2rpJ4WQ. (state.change.logger)
[2024-11-06 10:08:44,574] INFO [Broker id=1] Leader __consumer_offsets-6 with topic id Some(chSbMDnsSsiq32G2rpJ4WQ) starts at leader epoch 0 from offset 0 with partition epoch 0, high watermark 0, ISR [1], adding replicas [] and removing replicas [] . Previous leader None and previous leader epoch was -1. (state.change.logger)
[2024-11-06 10:08:44,578] INFO [Broker id=1] Creating new partition __consumer_offsets-35 with topic id chSbMDnsSsiq32G2rpJ4WQ. (state.change.logger)
[2024-11-06 10:08:44,581] INFO [Broker id=1] Leader __consumer_offsets-35 with topic id Some(chSbMDnsSsiq32G2rpJ4WQ) starts at leader epoch 0 from offset 0 with partition epoch 0, high watermark 0, ISR [1], adding replicas [] and removing replicas [] . Previous leader None and previous leader epoch was -1. (state.change.logger)
[2024-11-06 10:08:44,584] INFO [Broker id=1] Creating new partition __consumer_offsets-2 with topic id chSbMDnsSsiq32G2rpJ4WQ. (state.change.logger)
[2024-11-06 10:08:44,587] INFO [Broker id=1] Leader __consumer_offsets-2 with topic id Some(chSbMDnsSsiq32G2rpJ4WQ) starts at leader epoch 0 from offset 0 with partition epoch 0, high watermark 0, ISR [1], adding replicas [] and removing replicas [] . Previous leader None and previous leader epoch was -1. (state.change.logger)
