[2024-11-09 20:00:58,964] WARN [SocketServer listenerType=BROKER, nodeId=1] Unexpected error from /0:0:0:0:0:0:0:1 (channelId=0:0:0:0:0:0:0:1:9092-0:0:0:0:0:0:0:1:53854-4); closing connection (org.apache.kafka.common.network.Selector)
org.apache.kafka.common.network.InvalidReceiveException: Invalid receive (size = 1195725856 larger than 104857600)
	at org.apache.kafka.common.network.NetworkReceive.readFrom(NetworkReceive.java:95)
	at org.apache.kafka.common.network.KafkaChannel.receive(KafkaChannel.java:462)
	at org.apache.kafka.common.network.KafkaChannel.read(KafkaChannel.java:412)
	at org.apache.kafka.common.network.Selector.attemptRead(Selector.java:694)
	at org.apache.kafka.common.network.Selector.pollSelectionKeys(Selector.java:596)
	at org.apache.kafka.common.network.Selector.poll(Selector.java:501)
	at kafka.network.Processor.poll(SocketServer.scala:1110)
	at kafka.network.Processor.run(SocketServer.scala:1014)
	at java.base/java.lang.Thread.run(Thread.java:840)
[2024-11-09 20:00:59,080] WARN [SocketServer listenerType=BROKER, nodeId=1] Unexpected error from /0:0:0:0:0:0:0:1 (channelId=0:0:0:0:0:0:0:1:9092-0:0:0:0:0:0:0:1:53864-5); closing connection (org.apache.kafka.common.network.Selector)
org.apache.kafka.common.network.InvalidReceiveException: Invalid receive (size = 1195725856 larger than 104857600)
	at org.apache.kafka.common.network.NetworkReceive.readFrom(NetworkReceive.java:95)
	at org.apache.kafka.common.network.KafkaChannel.receive(KafkaChannel.java:462)
	at org.apache.kafka.common.network.KafkaChannel.read(KafkaChannel.java:412)
	at org.apache.kafka.common.network.Selector.attemptRead(Selector.java:694)
	at org.apache.kafka.common.network.Selector.pollSelectionKeys(Selector.java:596)
	at org.apache.kafka.common.network.Selector.poll(Selector.java:501)
	at kafka.network.Processor.poll(SocketServer.scala:1110)
	at kafka.network.Processor.run(SocketServer.scala:1014)
	at java.base/java.lang.Thread.run(Thread.java:840)
[2024-11-09 20:00:59,085] WARN [SocketServer listenerType=BROKER, nodeId=1] Unexpected error from /0:0:0:0:0:0:0:1 (channelId=0:0:0:0:0:0:0:1:9092-0:0:0:0:0:0:0:1:53866-5); closing connection (org.apache.kafka.common.network.Selector)
org.apache.kafka.common.network.InvalidReceiveException: Invalid receive (size = 1195725856 larger than 104857600)
	at org.apache.kafka.common.network.NetworkReceive.readFrom(NetworkReceive.java:95)
	at org.apache.kafka.common.network.KafkaChannel.receive(KafkaChannel.java:462)
	at org.apache.kafka.common.network.KafkaChannel.read(KafkaChannel.java:412)
	at org.apache.kafka.common.network.Selector.attemptRead(Selector.java:694)
	at org.apache.kafka.common.network.Selector.pollSelectionKeys(Selector.java:596)
	at org.apache.kafka.common.network.Selector.poll(Selector.java:501)
	at kafka.network.Processor.poll(SocketServer.scala:1110)
	at kafka.network.Processor.run(SocketServer.scala:1014)
	at java.base/java.lang.Thread.run(Thread.java:840)
[2024-11-09 20:04:00,312] INFO [NodeToControllerChannelManager id=1 name=registration] Node 1 disconnected. (org.apache.kafka.clients.NetworkClient)
[2024-11-09 20:10:58,509] WARN [SocketServer listenerType=BROKER, nodeId=1] Unexpected error from /0:0:0:0:0:0:0:1 (channelId=0:0:0:0:0:0:0:1:9092-0:0:0:0:0:0:0:1:45128-5); closing connection (org.apache.kafka.common.network.Selector)
org.apache.kafka.common.network.InvalidReceiveException: Invalid receive (size = 1195725856 larger than 104857600)
	at org.apache.kafka.common.network.NetworkReceive.readFrom(NetworkReceive.java:95)
	at org.apache.kafka.common.network.KafkaChannel.receive(KafkaChannel.java:462)
	at org.apache.kafka.common.network.KafkaChannel.read(KafkaChannel.java:412)
	at org.apache.kafka.common.network.Selector.attemptRead(Selector.java:694)
	at org.apache.kafka.common.network.Selector.pollSelectionKeys(Selector.java:596)
	at org.apache.kafka.common.network.Selector.poll(Selector.java:501)
	at kafka.network.Processor.poll(SocketServer.scala:1110)
	at kafka.network.Processor.run(SocketServer.scala:1014)
	at java.base/java.lang.Thread.run(Thread.java:840)
[2024-11-09 20:10:58,522] WARN [SocketServer listenerType=BROKER, nodeId=1] Unexpected error from /0:0:0:0:0:0:0:1 (channelId=0:0:0:0:0:0:0:1:9092-0:0:0:0:0:0:0:1:45136-6); closing connection (org.apache.kafka.common.network.Selector)
org.apache.kafka.common.network.InvalidReceiveException: Invalid receive (size = 1195725856 larger than 104857600)
	at org.apache.kafka.common.network.NetworkReceive.readFrom(NetworkReceive.java:95)
	at org.apache.kafka.common.network.KafkaChannel.receive(KafkaChannel.java:462)
	at org.apache.kafka.common.network.KafkaChannel.read(KafkaChannel.java:412)
	at org.apache.kafka.common.network.Selector.attemptRead(Selector.java:694)
	at org.apache.kafka.common.network.Selector.pollSelectionKeys(Selector.java:596)
	at org.apache.kafka.common.network.Selector.poll(Selector.java:501)
	at kafka.network.Processor.poll(SocketServer.scala:1110)
	at kafka.network.Processor.run(SocketServer.scala:1014)
	at java.base/java.lang.Thread.run(Thread.java:840)
[2024-11-09 20:10:58,532] WARN [SocketServer listenerType=BROKER, nodeId=1] Unexpected error from /0:0:0:0:0:0:0:1 (channelId=0:0:0:0:0:0:0:1:9092-0:0:0:0:0:0:0:1:45152-6); closing connection (org.apache.kafka.common.network.Selector)
org.apache.kafka.common.network.InvalidReceiveException: Invalid receive (size = 1195725856 larger than 104857600)
	at org.apache.kafka.common.network.NetworkReceive.readFrom(NetworkReceive.java:95)
	at org.apache.kafka.common.network.KafkaChannel.receive(KafkaChannel.java:462)
	at org.apache.kafka.common.network.KafkaChannel.read(KafkaChannel.java:412)
	at org.apache.kafka.common.network.Selector.attemptRead(Selector.java:694)
	at org.apache.kafka.common.network.Selector.pollSelectionKeys(Selector.java:596)
	at org.apache.kafka.common.network.Selector.poll(Selector.java:501)
	at kafka.network.Processor.poll(SocketServer.scala:1110)
	at kafka.network.Processor.run(SocketServer.scala:1014)
	at java.base/java.lang.Thread.run(Thread.java:840)
[2024-11-09 20:34:04,594] INFO Terminating process due to signal SIGHUP (org.apache.kafka.common.utils.LoggingSignalHandler)
[2024-11-09 20:34:04,764] INFO [BrokerServer id=1] Transition from STARTED to SHUTTING_DOWN (kafka.server.BrokerServer)
[2024-11-09 20:34:04,770] INFO [BrokerServer id=1] shutting down (kafka.server.BrokerServer)
[2024-11-09 20:34:04,807] INFO [BrokerLifecycleManager id=1] Beginning controlled shutdown. (kafka.server.BrokerLifecycleManager)
[2024-11-09 20:34:04,862] INFO [BrokerLifecycleManager id=1] The controller has asked us to exit controlled shutdown. (kafka.server.BrokerLifecycleManager)
[2024-11-09 20:34:04,862] INFO [BrokerLifecycleManager id=1] beginShutdown: shutting down event queue. (org.apache.kafka.queue.KafkaEventQueue)
[2024-11-09 20:34:04,866] INFO [BrokerLifecycleManager id=1] Transitioning from PENDING_CONTROLLED_SHUTDOWN to SHUTTING_DOWN. (kafka.server.BrokerLifecycleManager)
[2024-11-09 20:34:04,867] INFO [broker-1-to-controller-heartbeat-channel-manager]: Shutting down (kafka.server.NodeToControllerRequestThread)
[2024-11-09 20:34:04,868] INFO [broker-1-to-controller-heartbeat-channel-manager]: Stopped (kafka.server.NodeToControllerRequestThread)
[2024-11-09 20:34:04,868] INFO [broker-1-to-controller-heartbeat-channel-manager]: Shutdown completed (kafka.server.NodeToControllerRequestThread)
[2024-11-09 20:34:04,885] INFO [SocketServer listenerType=BROKER, nodeId=1] Stopping socket server request processors (kafka.network.SocketServer)
[2024-11-09 20:34:04,895] INFO Node to controller channel manager for heartbeat shutdown (kafka.server.NodeToControllerChannelManagerImpl)
[2024-11-09 20:34:04,910] INFO [SocketServer listenerType=BROKER, nodeId=1] Stopped socket server request processors (kafka.network.SocketServer)
[2024-11-09 20:34:04,920] INFO [data-plane Kafka Request Handler on Broker 1], shutting down (kafka.server.KafkaRequestHandlerPool)
[2024-11-09 20:34:04,927] INFO [data-plane Kafka Request Handler on Broker 1], shut down completely (kafka.server.KafkaRequestHandlerPool)
[2024-11-09 20:34:04,932] INFO [ExpirationReaper-1-AlterAcls]: Shutting down (kafka.server.DelayedOperationPurgatory$ExpiredOperationReaper)
[2024-11-09 20:34:04,936] INFO [ExpirationReaper-1-AlterAcls]: Stopped (kafka.server.DelayedOperationPurgatory$ExpiredOperationReaper)
[2024-11-09 20:34:04,936] INFO [ExpirationReaper-1-AlterAcls]: Shutdown completed (kafka.server.DelayedOperationPurgatory$ExpiredOperationReaper)
[2024-11-09 20:34:04,944] INFO [KafkaApi-1] Shutdown complete. (kafka.server.KafkaApis)
[2024-11-09 20:34:04,950] INFO [TransactionCoordinator id=1] Shutting down. (kafka.coordinator.transaction.TransactionCoordinator)
[2024-11-09 20:34:04,954] INFO [Transaction State Manager 1]: Shutdown complete (kafka.coordinator.transaction.TransactionStateManager)
[2024-11-09 20:34:04,954] INFO [TxnMarkerSenderThread-1]: Shutting down (kafka.coordinator.transaction.TransactionMarkerChannelManager)
[2024-11-09 20:34:04,955] INFO [TxnMarkerSenderThread-1]: Stopped (kafka.coordinator.transaction.TransactionMarkerChannelManager)
[2024-11-09 20:34:04,955] INFO [TxnMarkerSenderThread-1]: Shutdown completed (kafka.coordinator.transaction.TransactionMarkerChannelManager)
[2024-11-09 20:34:04,962] INFO [TransactionCoordinator id=1] Shutdown complete. (kafka.coordinator.transaction.TransactionCoordinator)
[2024-11-09 20:34:04,965] INFO [GroupCoordinator 1]: Shutting down. (kafka.coordinator.group.GroupCoordinator)
[2024-11-09 20:34:04,967] INFO [ExpirationReaper-1-Heartbeat]: Shutting down (kafka.server.DelayedOperationPurgatory$ExpiredOperationReaper)
[2024-11-09 20:34:04,969] INFO [ExpirationReaper-1-Heartbeat]: Stopped (kafka.server.DelayedOperationPurgatory$ExpiredOperationReaper)
[2024-11-09 20:34:04,969] INFO [ExpirationReaper-1-Heartbeat]: Shutdown completed (kafka.server.DelayedOperationPurgatory$ExpiredOperationReaper)
[2024-11-09 20:34:04,970] INFO [ExpirationReaper-1-Rebalance]: Shutting down (kafka.server.DelayedOperationPurgatory$ExpiredOperationReaper)
[2024-11-09 20:34:04,973] INFO [ExpirationReaper-1-Rebalance]: Stopped (kafka.server.DelayedOperationPurgatory$ExpiredOperationReaper)
[2024-11-09 20:34:04,973] INFO [ExpirationReaper-1-Rebalance]: Shutdown completed (kafka.server.DelayedOperationPurgatory$ExpiredOperationReaper)
[2024-11-09 20:34:04,976] INFO [GroupCoordinator 1]: Shutdown complete. (kafka.coordinator.group.GroupCoordinator)
[2024-11-09 20:34:04,981] INFO [AssignmentsManager id=1]KafkaEventQueue#close: shutting down event queue. (org.apache.kafka.queue.KafkaEventQueue)
[2024-11-09 20:34:04,982] INFO [AssignmentsManager id=1] shutting down. (org.apache.kafka.server.AssignmentsManager)
[2024-11-09 20:34:04,982] INFO [broker-1-to-controller-directory-assignments-channel-manager]: Shutting down (kafka.server.NodeToControllerRequestThread)
[2024-11-09 20:34:04,983] INFO [broker-1-to-controller-directory-assignments-channel-manager]: Stopped (kafka.server.NodeToControllerRequestThread)
[2024-11-09 20:34:04,983] INFO [broker-1-to-controller-directory-assignments-channel-manager]: Shutdown completed (kafka.server.NodeToControllerRequestThread)
[2024-11-09 20:34:04,984] INFO Node to controller channel manager for directory-assignments shutdown (kafka.server.NodeToControllerChannelManagerImpl)
[2024-11-09 20:34:04,985] INFO [AssignmentsManager id=1]closed event queue. (org.apache.kafka.queue.KafkaEventQueue)
[2024-11-09 20:34:04,987] INFO [ReplicaManager broker=1] Shutting down (kafka.server.ReplicaManager)
[2024-11-09 20:34:04,992] INFO [LogDirFailureHandler]: Shutting down (kafka.server.ReplicaManager$LogDirFailureHandler)
[2024-11-09 20:34:04,993] INFO [LogDirFailureHandler]: Stopped (kafka.server.ReplicaManager$LogDirFailureHandler)
[2024-11-09 20:34:04,993] INFO [LogDirFailureHandler]: Shutdown completed (kafka.server.ReplicaManager$LogDirFailureHandler)
[2024-11-09 20:34:04,995] INFO [ReplicaFetcherManager on broker 1] shutting down (kafka.server.ReplicaFetcherManager)
[2024-11-09 20:34:04,997] INFO [ReplicaFetcherManager on broker 1] shutdown completed (kafka.server.ReplicaFetcherManager)
[2024-11-09 20:34:04,997] INFO [ReplicaAlterLogDirsManager on broker 1] shutting down (kafka.server.ReplicaAlterLogDirsManager)
[2024-11-09 20:34:04,998] INFO [ReplicaAlterLogDirsManager on broker 1] shutdown completed (kafka.server.ReplicaAlterLogDirsManager)
[2024-11-09 20:34:04,999] INFO [ExpirationReaper-1-Fetch]: Shutting down (kafka.server.DelayedOperationPurgatory$ExpiredOperationReaper)
[2024-11-09 20:34:05,000] INFO [ExpirationReaper-1-Fetch]: Stopped (kafka.server.DelayedOperationPurgatory$ExpiredOperationReaper)
[2024-11-09 20:34:05,000] INFO [ExpirationReaper-1-Fetch]: Shutdown completed (kafka.server.DelayedOperationPurgatory$ExpiredOperationReaper)
[2024-11-09 20:34:05,001] INFO [ExpirationReaper-1-RemoteFetch]: Shutting down (kafka.server.DelayedOperationPurgatory$ExpiredOperationReaper)
[2024-11-09 20:34:05,004] INFO [ExpirationReaper-1-RemoteFetch]: Stopped (kafka.server.DelayedOperationPurgatory$ExpiredOperationReaper)
[2024-11-09 20:34:05,004] INFO [ExpirationReaper-1-RemoteFetch]: Shutdown completed (kafka.server.DelayedOperationPurgatory$ExpiredOperationReaper)
[2024-11-09 20:34:05,005] INFO [ExpirationReaper-1-Produce]: Shutting down (kafka.server.DelayedOperationPurgatory$ExpiredOperationReaper)
[2024-11-09 20:34:05,006] INFO [ExpirationReaper-1-Produce]: Stopped (kafka.server.DelayedOperationPurgatory$ExpiredOperationReaper)
[2024-11-09 20:34:05,006] INFO [ExpirationReaper-1-Produce]: Shutdown completed (kafka.server.DelayedOperationPurgatory$ExpiredOperationReaper)
[2024-11-09 20:34:05,007] INFO [ExpirationReaper-1-DeleteRecords]: Shutting down (kafka.server.DelayedOperationPurgatory$ExpiredOperationReaper)
[2024-11-09 20:34:05,008] INFO [ExpirationReaper-1-DeleteRecords]: Stopped (kafka.server.DelayedOperationPurgatory$ExpiredOperationReaper)
[2024-11-09 20:34:05,008] INFO [ExpirationReaper-1-DeleteRecords]: Shutdown completed (kafka.server.DelayedOperationPurgatory$ExpiredOperationReaper)
[2024-11-09 20:34:05,009] INFO [ExpirationReaper-1-ElectLeader]: Shutting down (kafka.server.DelayedOperationPurgatory$ExpiredOperationReaper)
[2024-11-09 20:34:05,010] INFO [ExpirationReaper-1-ElectLeader]: Stopped (kafka.server.DelayedOperationPurgatory$ExpiredOperationReaper)
[2024-11-09 20:34:05,010] INFO [ExpirationReaper-1-ElectLeader]: Shutdown completed (kafka.server.DelayedOperationPurgatory$ExpiredOperationReaper)
[2024-11-09 20:34:05,013] INFO [AddPartitionsToTxnSenderThread-1]: Shutting down (kafka.server.AddPartitionsToTxnManager)
[2024-11-09 20:34:05,014] INFO [AddPartitionsToTxnSenderThread-1]: Shutdown completed (kafka.server.AddPartitionsToTxnManager)
[2024-11-09 20:34:05,014] INFO [AddPartitionsToTxnSenderThread-1]: Stopped (kafka.server.AddPartitionsToTxnManager)
[2024-11-09 20:34:05,015] INFO [ReplicaManager broker=1] Shut down completely (kafka.server.ReplicaManager)
[2024-11-09 20:34:05,016] INFO [broker-1-to-controller-alter-partition-channel-manager]: Shutting down (kafka.server.NodeToControllerRequestThread)
[2024-11-09 20:34:05,017] INFO [broker-1-to-controller-alter-partition-channel-manager]: Stopped (kafka.server.NodeToControllerRequestThread)
[2024-11-09 20:34:05,017] INFO [broker-1-to-controller-alter-partition-channel-manager]: Shutdown completed (kafka.server.NodeToControllerRequestThread)
[2024-11-09 20:34:05,018] INFO Node to controller channel manager for alter-partition shutdown (kafka.server.NodeToControllerChannelManagerImpl)
[2024-11-09 20:34:05,020] INFO [broker-1-to-controller-forwarding-channel-manager]: Shutting down (kafka.server.NodeToControllerRequestThread)
[2024-11-09 20:34:05,021] INFO [broker-1-to-controller-forwarding-channel-manager]: Stopped (kafka.server.NodeToControllerRequestThread)
[2024-11-09 20:34:05,021] INFO [broker-1-to-controller-forwarding-channel-manager]: Shutdown completed (kafka.server.NodeToControllerRequestThread)
[2024-11-09 20:34:05,022] INFO Node to controller channel manager for forwarding shutdown (kafka.server.NodeToControllerChannelManagerImpl)
[2024-11-09 20:34:05,023] INFO Shutting down. (kafka.log.LogManager)
[2024-11-09 20:34:05,036] INFO [kafka-log-cleaner-thread-0]: Shutting down (kafka.log.LogCleaner$CleanerThread)
[2024-11-09 20:34:05,037] INFO [kafka-log-cleaner-thread-0]: Stopped (kafka.log.LogCleaner$CleanerThread)
[2024-11-09 20:34:05,037] INFO [kafka-log-cleaner-thread-0]: Shutdown completed (kafka.log.LogCleaner$CleanerThread)
[2024-11-09 20:34:05,263] INFO Shutdown complete. (kafka.log.LogManager)
[2024-11-09 20:34:05,265] INFO [broker-1-ThrottledChannelReaper-Fetch]: Shutting down (kafka.server.ClientQuotaManager$ThrottledChannelReaper)
[2024-11-09 20:34:05,273] INFO [broker-1-ThrottledChannelReaper-Fetch]: Stopped (kafka.server.ClientQuotaManager$ThrottledChannelReaper)
[2024-11-09 20:34:05,273] INFO [broker-1-ThrottledChannelReaper-Fetch]: Shutdown completed (kafka.server.ClientQuotaManager$ThrottledChannelReaper)
[2024-11-09 20:34:05,274] INFO [broker-1-ThrottledChannelReaper-Produce]: Shutting down (kafka.server.ClientQuotaManager$ThrottledChannelReaper)
[2024-11-09 20:34:05,275] INFO [broker-1-ThrottledChannelReaper-Produce]: Stopped (kafka.server.ClientQuotaManager$ThrottledChannelReaper)
[2024-11-09 20:34:05,275] INFO [broker-1-ThrottledChannelReaper-Produce]: Shutdown completed (kafka.server.ClientQuotaManager$ThrottledChannelReaper)
[2024-11-09 20:34:05,275] INFO [broker-1-ThrottledChannelReaper-Request]: Shutting down (kafka.server.ClientQuotaManager$ThrottledChannelReaper)
[2024-11-09 20:34:05,277] INFO [broker-1-ThrottledChannelReaper-Request]: Stopped (kafka.server.ClientQuotaManager$ThrottledChannelReaper)
[2024-11-09 20:34:05,277] INFO [broker-1-ThrottledChannelReaper-Request]: Shutdown completed (kafka.server.ClientQuotaManager$ThrottledChannelReaper)
[2024-11-09 20:34:05,278] INFO [broker-1-ThrottledChannelReaper-ControllerMutation]: Shutting down (kafka.server.ClientQuotaManager$ThrottledChannelReaper)
[2024-11-09 20:34:05,279] INFO [broker-1-ThrottledChannelReaper-ControllerMutation]: Stopped (kafka.server.ClientQuotaManager$ThrottledChannelReaper)
[2024-11-09 20:34:05,279] INFO [broker-1-ThrottledChannelReaper-ControllerMutation]: Shutdown completed (kafka.server.ClientQuotaManager$ThrottledChannelReaper)
[2024-11-09 20:34:05,281] INFO [SocketServer listenerType=BROKER, nodeId=1] Shutting down socket server (kafka.network.SocketServer)
[2024-11-09 20:34:05,324] INFO [SocketServer listenerType=BROKER, nodeId=1] Shutdown completed (kafka.network.SocketServer)
[2024-11-09 20:34:05,329] INFO Broker and topic stats closed (kafka.server.BrokerTopicStats)
[2024-11-09 20:34:05,330] INFO [BrokerLifecycleManager id=1] closed event queue. (org.apache.kafka.queue.KafkaEventQueue)
[2024-11-09 20:34:05,334] INFO [client-metrics-reaper]: Shutting down (org.apache.kafka.server.util.timer.SystemTimerReaper$Reaper)
[2024-11-09 20:34:05,335] INFO [client-metrics-reaper]: Stopped (org.apache.kafka.server.util.timer.SystemTimerReaper$Reaper)
[2024-11-09 20:34:05,335] INFO [client-metrics-reaper]: Shutdown completed (org.apache.kafka.server.util.timer.SystemTimerReaper$Reaper)
[2024-11-09 20:34:05,338] INFO [BrokerServer id=1] shut down completed (kafka.server.BrokerServer)
[2024-11-09 20:34:05,339] INFO [BrokerServer id=1] Transition from SHUTTING_DOWN to SHUTDOWN (kafka.server.BrokerServer)
[2024-11-09 20:34:05,341] INFO [ControllerServer id=1] shutting down (kafka.server.ControllerServer)
[2024-11-09 20:34:05,342] INFO [raft-expiration-reaper]: Shutting down (kafka.raft.TimingWheelExpirationService$ExpiredOperationReaper)
[2024-11-09 20:34:05,531] INFO [raft-expiration-reaper]: Stopped (kafka.raft.TimingWheelExpirationService$ExpiredOperationReaper)
[2024-11-09 20:34:05,531] INFO [raft-expiration-reaper]: Shutdown completed (kafka.raft.TimingWheelExpirationService$ExpiredOperationReaper)
[2024-11-09 20:34:05,533] INFO [kafka-1-raft-io-thread]: Shutting down (org.apache.kafka.raft.KafkaRaftClientDriver)
[2024-11-09 20:34:05,533] INFO [RaftManager id=1] Beginning graceful shutdown (org.apache.kafka.raft.KafkaRaftClient)
[2024-11-09 20:34:05,539] INFO [RaftManager id=1] Graceful shutdown completed (org.apache.kafka.raft.KafkaRaftClient)
[2024-11-09 20:34:05,540] INFO [RaftManager id=1] Completed graceful shutdown of RaftClient (org.apache.kafka.raft.KafkaRaftClientDriver)
[2024-11-09 20:34:05,540] INFO [kafka-1-raft-io-thread]: Stopped (org.apache.kafka.raft.KafkaRaftClientDriver)
[2024-11-09 20:34:05,540] INFO [kafka-1-raft-io-thread]: Shutdown completed (org.apache.kafka.raft.KafkaRaftClientDriver)
[2024-11-09 20:34:05,549] INFO [kafka-1-raft-outbound-request-thread]: Shutting down (org.apache.kafka.raft.KafkaNetworkChannel$SendThread)
[2024-11-09 20:34:05,550] INFO [kafka-1-raft-outbound-request-thread]: Stopped (org.apache.kafka.raft.KafkaNetworkChannel$SendThread)
[2024-11-09 20:34:05,550] INFO [kafka-1-raft-outbound-request-thread]: Shutdown completed (org.apache.kafka.raft.KafkaNetworkChannel$SendThread)
[2024-11-09 20:34:05,567] INFO [ProducerStateManager partition=__cluster_metadata-0] Wrote producer snapshot at offset 4910 with 0 producer ids in 8 ms. (org.apache.kafka.storage.internals.log.ProducerStateManager)
[2024-11-09 20:34:05,586] INFO [ControllerRegistrationManager id=1 incarnation=s6F8LSRGRIaU7XQbDBnx5A] beginShutdown: shutting down event queue. (org.apache.kafka.queue.KafkaEventQueue)
[2024-11-09 20:34:05,590] INFO [ControllerRegistrationManager id=1 incarnation=s6F8LSRGRIaU7XQbDBnx5A] shutting down. (kafka.server.ControllerRegistrationManager)
[2024-11-09 20:34:05,591] INFO [controller-1-to-controller-registration-channel-manager]: Shutting down (kafka.server.NodeToControllerRequestThread)
[2024-11-09 20:34:05,591] INFO [controller-1-to-controller-registration-channel-manager]: Stopped (kafka.server.NodeToControllerRequestThread)
[2024-11-09 20:34:05,592] INFO [controller-1-to-controller-registration-channel-manager]: Shutdown completed (kafka.server.NodeToControllerRequestThread)
[2024-11-09 20:34:05,592] INFO Node to controller channel manager for registration shutdown (kafka.server.NodeToControllerChannelManagerImpl)
[2024-11-09 20:34:05,593] INFO [ControllerRegistrationManager id=1 incarnation=s6F8LSRGRIaU7XQbDBnx5A] closed event queue. (org.apache.kafka.queue.KafkaEventQueue)
[2024-11-09 20:34:05,593] INFO [controller-1-to-controller-registration-channel-manager]: Shutdown completed (kafka.server.NodeToControllerRequestThread)
[2024-11-09 20:34:05,594] WARN [NodeToControllerChannelManager id=1 name=registration] Attempting to close NetworkClient that has already been closed. (org.apache.kafka.clients.NetworkClient)
[2024-11-09 20:34:05,594] INFO Node to controller channel manager for registration shutdown (kafka.server.NodeToControllerChannelManagerImpl)
[2024-11-09 20:34:05,596] INFO [ControllerRegistrationManager id=1 incarnation=s6F8LSRGRIaU7XQbDBnx5A] closed event queue. (org.apache.kafka.queue.KafkaEventQueue)
[2024-11-09 20:34:05,599] INFO [SocketServer listenerType=CONTROLLER, nodeId=1] Stopping socket server request processors (kafka.network.SocketServer)
[2024-11-09 20:34:05,604] INFO [SocketServer listenerType=CONTROLLER, nodeId=1] Stopped socket server request processors (kafka.network.SocketServer)
[2024-11-09 20:34:05,607] INFO [QuorumController id=1] QuorumController#beginShutdown: shutting down event queue. (org.apache.kafka.queue.KafkaEventQueue)
[2024-11-09 20:34:05,607] INFO [SocketServer listenerType=CONTROLLER, nodeId=1] Shutting down socket server (kafka.network.SocketServer)
[2024-11-09 20:34:05,630] INFO [SocketServer listenerType=CONTROLLER, nodeId=1] Shutdown completed (kafka.network.SocketServer)
[2024-11-09 20:34:05,631] INFO [data-plane Kafka Request Handler on Broker 1], shutting down (kafka.server.KafkaRequestHandlerPool)
[2024-11-09 20:34:05,632] INFO [data-plane Kafka Request Handler on Broker 1], shut down completely (kafka.server.KafkaRequestHandlerPool)
